<?xml version="1.0" encoding="UTF-8"?>
<testsuite name="com.nopcommerce.demo.RunnerCukesTest" time="0.137" tests="24" errors="2" skipped="2" failures="4">
  <properties>
[...]
</properties>
  <testcase name="Given I am on the home page of the application" classname="| John | Smith | 10 | April | 1990 | automation.test@yahoo.com | Automation Ltd | test123 | test123 | Your Registration Completed |" time="0.02"/>
  <testcase name="When I register with the following personal details: &quot;John&quot;, &quot;Smith&quot;, &quot;10&quot;, &quot;April&quot;, &quot;1990&quot;,&quot;automation.test@yahoo.com&quot;, &quot;Automation Ltd&quot;, &quot;test123&quot;, &amp; &quot;test123&quot;" classname="| John | Smith | 10 | April | 1990 | automation.test@yahoo.com | Automation Ltd | test123 | test123 | Your Registration Completed |" time="0"/>
  <testcase name="Then I should see the &quot;Your Registration Completed&quot; displayed in the register page" classname="| John | Smith | 10 | April | 1990 | automation.test@yahoo.com | Automation Ltd | test123 | test123 | Your Registration Completed |" time="0.02">
    <failure message="The page does not contain Your Registration Completed" type="java.lang.AssertionError">java.lang.AssertionError: The page does not contain Your Registration Completed
	at org.junit.Assert.fail(Assert.java:88)
	at org.junit.Assert.assertTrue(Assert.java:41)
	at com.nopcommerce.demo.step_definitions.NopRegisterTestSteps.i_should_see_the_displayed_in_the_register_page(NopRegisterTestSteps.java:37)
	at ✽.Then I should see the "Your Registration Completed" displayed in the register page(sprint_a1/NOPCommerce_001_Register Test.feature:10)
</failure>
  </testcase>
  <testcase name="| John | Smith | 10 | April | 1990 | automation.test@yahoo.com | Automation Ltd | test123 | test123 | Your Registration Completed |" classname="| John | Smith | 10 | April | 1990 | automation.test@yahoo.com | Automation Ltd | test123 | test123 | Your Registration Completed |" time="0.021">
    <failure message="The page does not contain Your Registration Completed" type="java.lang.AssertionError">java.lang.AssertionError: The page does not contain Your Registration Completed
	at org.junit.Assert.fail(Assert.java:88)
	at org.junit.Assert.assertTrue(Assert.java:41)
	at com.nopcommerce.demo.step_definitions.NopRegisterTestSteps.i_should_see_the_displayed_in_the_register_page(NopRegisterTestSteps.java:37)
	at ✽.Then I should see the "Your Registration Completed" displayed in the register page(sprint_a1/NOPCommerce_001_Register Test.feature:10)
</failure>
  </testcase>
  <testcase name="Given I am on the home page of the application" classname="| automation.test@yahoo.com | test123 | My account |" time="0.001"/>
  <testcase name="When I logon with valid username &quot;automation.test@yahoo.com&quot; and valid password &quot;test123&quot;" classname="| automation.test@yahoo.com | test123 | My account |" time="0.002"/>
  <testcase name="Then I should see my email address &quot;My account&quot; displayed" classname="| automation.test@yahoo.com | test123 | My account |" time="0"/>
  <testcase name="| automation.test@yahoo.com | test123 | My account |" classname="| automation.test@yahoo.com | test123 | My account |" time="0.008"/>
  <testcase name="Given I am on the home page of the application" classname="| Apple MacBook | Apple MacBook Pro 13-inch | $1,800.00 |" time="0.001"/>
  <testcase name="When I search for an &quot;Apple MacBook&quot;" classname="| Apple MacBook | Apple MacBook Pro 13-inch | $1,800.00 |" time="0.001"/>
  <testcase name="Then I should see the following: &quot;Apple MacBook Pro 13-inch&quot; &amp; &quot;$1,800.00&quot;" classname="| Apple MacBook | Apple MacBook Pro 13-inch | $1,800.00 |" time="0.003"/>
  <testcase name="| Apple MacBook | Apple MacBook Pro 13-inch | $1,800.00 |" classname="| Apple MacBook | Apple MacBook Pro 13-inch | $1,800.00 |" time="0.016"/>
  <testcase name="Given I am on the home page of the application" classname="| Nokia | Nokia Lumia 1020 | $349.00 |" time="0.001"/>
  <testcase name="When I search for an &quot;Nokia&quot;" classname="| Nokia | Nokia Lumia 1020 | $349.00 |" time="0.001"/>
  <testcase name="Then I should see the following: &quot;Nokia Lumia 1020&quot; &amp; &quot;$349.00&quot;" classname="| Nokia | Nokia Lumia 1020 | $349.00 |" time="0.001"/>
  <testcase name="| Nokia | Nokia Lumia 1020 | $349.00 |" classname="| Nokia | Nokia Lumia 1020 | $349.00 |" time="0.012"/>
  <testcase name="Given I am on the home page of the application" classname="| Wireless Speaker | Beats Pill 2.0 Wireless Speaker | $15.00 |" time="0"/>
  <testcase name="When I search for an &quot;Wireless Speaker&quot;" classname="| Wireless Speaker | Beats Pill 2.0 Wireless Speaker | $15.00 |" time="0"/>
  <testcase name="Then I should see the following: &quot;Beats Pill 2.0 Wireless Speaker&quot; &amp; &quot;$15.00&quot;" classname="| Wireless Speaker | Beats Pill 2.0 Wireless Speaker | $15.00 |" time="0.001">
    <failure message="There is no such item: $15.00" type="java.lang.AssertionError"><![CDATA[java.lang.AssertionError: There is no such item: $15.00
	at org.junit.Assert.fail(Assert.java:88)
	at org.junit.Assert.assertTrue(Assert.java:41)
	at com.nopcommerce.demo.step_definitions.NopSearchItemTestSteps.iShouldSeeTheFollowing(NopSearchItemTestSteps.java:35)
	at ✽.Then I should see the following: "Beats Pill 2.0 Wireless Speaker" & "$15.00"(sprint_a1/NOPCommerce_003_Search For Item.feature:10)
]]></failure>
  </testcase>
  <testcase name="| Wireless Speaker | Beats Pill 2.0 Wireless Speaker | $15.00 |" classname="| Wireless Speaker | Beats Pill 2.0 Wireless Speaker | $15.00 |" time="0.003">
    <failure message="There is no such item: $15.00" type="java.lang.AssertionError"><![CDATA[java.lang.AssertionError: There is no such item: $15.00
	at org.junit.Assert.fail(Assert.java:88)
	at org.junit.Assert.assertTrue(Assert.java:41)
	at com.nopcommerce.demo.step_definitions.NopSearchItemTestSteps.iShouldSeeTheFollowing(NopSearchItemTestSteps.java:35)
	at ✽.Then I should see the following: "Beats Pill 2.0 Wireless Speaker" & "$15.00"(sprint_a1/NOPCommerce_003_Search For Item.feature:10)
]]></failure>
  </testcase>
  <testcase name="Given I have searched for an item:" classname="Scenario: Test for adding searched items to the shopping basket" time="0.01">
    <error message="unknown error: Element is not clickable at point (710, 993)&#10;  (Session info: chrome=62.0.3202.94)&#10;  (Driver info: chromedriver=2.24.417424 (c5c5ea873213ee72e3d0929b47482681555340c3),platform=Linux 4.4.0-103-generic x86_64) (WARNING: The server did not provide any stacktrace information)&#10;Command duration or timeout: 246 milliseconds&#10;Build info: version: &apos;2.53.1&apos;, revision: &apos;a36b8b1cd5757287168e54b817830adce9b0158d&apos;, time: &apos;2016-06-30 19:26:09&apos;&#10;System info: host: &apos;inettech-VirtualBox&apos;, ip: &apos;127.0.1.1&apos;, os.name: &apos;Linux&apos;, os.arch: &apos;amd64&apos;, os.version: &apos;4.4.0-103-generic&apos;, java.version: &apos;1.8.0_111&apos;&#10;Driver info: org.openqa.selenium.chrome.ChromeDriver&#10;Capabilities [{applicationCacheEnabled=false, rotatable=false, mobileEmulationEnabled=false, networkConnectionEnabled=false, chrome={chromedriverVersion=2.24.417424 (c5c5ea873213ee72e3d0929b47482681555340c3), userDataDir=/tmp/.org.chromium.Chromium.SV9QeF}, takesHeapSnapshot=true, pageLoadStrategy=normal, databaseEnabled=false, handlesAlerts=true, hasTouchScreen=false, version=62.0.3202.94, platform=LINUX, browserConnectionEnabled=false, nativeEvents=true, acceptSslCerts=true, locationContextEnabled=true, webStorageEnabled=true, browserName=chrome, takesScreenshot=true, javascriptEnabled=true, cssSelectorsEnabled=true}]&#10;Session ID: 0e81d03d19c6eddbead616d8d6720206" type="org.openqa.selenium.WebDriverException">org.openqa.selenium.WebDriverException: unknown error: Element is not clickable at point (710, 993)
  (Session info: chrome=62.0.3202.94)
  (Driver info: chromedriver=2.24.417424 (c5c5ea873213ee72e3d0929b47482681555340c3),platform=Linux 4.4.0-103-generic x86_64) (WARNING: The server did not provide any stacktrace information)
Command duration or timeout: 246 milliseconds
Build info: version: '2.53.1', revision: 'a36b8b1cd5757287168e54b817830adce9b0158d', time: '2016-06-30 19:26:09'
System info: host: 'inettech-VirtualBox', ip: '127.0.1.1', os.name: 'Linux', os.arch: 'amd64', os.version: '4.4.0-103-generic', java.version: '1.8.0_111'
Driver info: org.openqa.selenium.chrome.ChromeDriver
Capabilities [{applicationCacheEnabled=false, rotatable=false, mobileEmulationEnabled=false, networkConnectionEnabled=false, chrome={chromedriverVersion=2.24.417424 (c5c5ea873213ee72e3d0929b47482681555340c3), userDataDir=/tmp/.org.chromium.Chromium.SV9QeF}, takesHeapSnapshot=true, pageLoadStrategy=normal, databaseEnabled=false, handlesAlerts=true, hasTouchScreen=false, version=62.0.3202.94, platform=LINUX, browserConnectionEnabled=false, nativeEvents=true, acceptSslCerts=true, locationContextEnabled=true, webStorageEnabled=true, browserName=chrome, takesScreenshot=true, javascriptEnabled=true, cssSelectorsEnabled=true}]
Session ID: 0e81d03d19c6eddbead616d8d6720206
	at sun.reflect.NativeConstructorAccessorImpl.newInstance0(Native Method)
	at sun.reflect.NativeConstructorAccessorImpl.newInstance(NativeConstructorAccessorImpl.java:62)
	at sun.reflect.DelegatingConstructorAccessorImpl.newInstance(DelegatingConstructorAccessorImpl.java:45)
	at java.lang.reflect.Constructor.newInstance(Constructor.java:423)
	at org.openqa.selenium.remote.ErrorHandler.createThrowable(ErrorHandler.java:206)
	at org.openqa.selenium.remote.ErrorHandler.throwIfResponseFailed(ErrorHandler.java:158)
	at org.openqa.selenium.remote.RemoteWebDriver.execute(RemoteWebDriver.java:678)
	at org.openqa.selenium.remote.RemoteWebElement.execute(RemoteWebElement.java:327)
	at org.openqa.selenium.remote.RemoteWebElement.click(RemoteWebElement.java:85)
	at sun.reflect.NativeMethodAccessorImpl.invoke0(Native Method)
	at sun.reflect.NativeMethodAccessorImpl.invoke(NativeMethodAccessorImpl.java:62)
	at sun.reflect.DelegatingMethodAccessorImpl.invoke(DelegatingMethodAccessorImpl.java:43)
	at java.lang.reflect.Method.invoke(Method.java:498)
	at org.openqa.selenium.support.pagefactory.internal.LocatingElementHandler.invoke(LocatingElementHandler.java:51)
	at com.sun.proxy.$Proxy16.click(Unknown Source)
	at com.nopcommerce.demo.pages.SearchedItemPage.goToFullItemPage(SearchedItemPage.java:27)
	at com.nopcommerce.demo.step_definitions.NopAddItemToBasketTestSteps.iHaveSearchedForAnItem(NopAddItemToBasketTestSteps.java:43)
	at ✽.Given I have searched for an item:(sprint_a1/NOPCommerce_004_Add Item To Basket.feature:9)
</error>
    <system-out><![CDATA[The Scenario name is Searching for an item functionality and the status is failed
Current Page URL is: http://demo.nopcommerce.com/search?q=Wireless+Speaker

  @Feature_003
  Scenario Outline: Searching for an item functionality                           # sprint_a1/NOPCommerce_003_Search For Item.feature:15
    Given I am on the home page of the application                                # NopLoginTestSteps.iAmOnTheHomePageOfTheApplication()
    When I search for an "Wireless Speaker"                                       # NopSearchItemTestSteps.iSearchForAn(String)
    Then I should see the following: "Beats Pill 2.0 Wireless Speaker" & "$15.00" # NopSearchItemTestSteps.iShouldSeeTheFollowing(String,String)
      java.lang.AssertionError: There is no such item: $15.00
      	at org.junit.Assert.fail(Assert.java:88)
      	at org.junit.Assert.assertTrue(Assert.java:41)
      	at com.nopcommerce.demo.step_definitions.NopSearchItemTestSteps.iShouldSeeTheFollowing(NopSearchItemTestSteps.java:35)
      	at ✽.Then I should see the following: "Beats Pill 2.0 Wireless Speaker" & "$15.00"(sprint_a1/NOPCommerce_003_Search For Item.feature:10)

@Feature_004
Feature: Adding Items to shopping basket functionality
  As an online customer
  I want to add Items that I have searched to the shopping basket
  So I can pay for them
]]></system-out>
  </testcase>
  <testcase name="Scenario: Test for adding searched items to the shopping basket" classname="Scenario: Test for adding searched items to the shopping basket" time="0.015">
    <error message="unknown error: Element is not clickable at point (710, 993)&#10;  (Session info: chrome=62.0.3202.94)&#10;  (Driver info: chromedriver=2.24.417424 (c5c5ea873213ee72e3d0929b47482681555340c3),platform=Linux 4.4.0-103-generic x86_64) (WARNING: The server did not provide any stacktrace information)&#10;Command duration or timeout: 246 milliseconds&#10;Build info: version: &apos;2.53.1&apos;, revision: &apos;a36b8b1cd5757287168e54b817830adce9b0158d&apos;, time: &apos;2016-06-30 19:26:09&apos;&#10;System info: host: &apos;inettech-VirtualBox&apos;, ip: &apos;127.0.1.1&apos;, os.name: &apos;Linux&apos;, os.arch: &apos;amd64&apos;, os.version: &apos;4.4.0-103-generic&apos;, java.version: &apos;1.8.0_111&apos;&#10;Driver info: org.openqa.selenium.chrome.ChromeDriver&#10;Capabilities [{applicationCacheEnabled=false, rotatable=false, mobileEmulationEnabled=false, networkConnectionEnabled=false, chrome={chromedriverVersion=2.24.417424 (c5c5ea873213ee72e3d0929b47482681555340c3), userDataDir=/tmp/.org.chromium.Chromium.SV9QeF}, takesHeapSnapshot=true, pageLoadStrategy=normal, databaseEnabled=false, handlesAlerts=true, hasTouchScreen=false, version=62.0.3202.94, platform=LINUX, browserConnectionEnabled=false, nativeEvents=true, acceptSslCerts=true, locationContextEnabled=true, webStorageEnabled=true, browserName=chrome, takesScreenshot=true, javascriptEnabled=true, cssSelectorsEnabled=true}]&#10;Session ID: 0e81d03d19c6eddbead616d8d6720206" type="org.openqa.selenium.WebDriverException">org.openqa.selenium.WebDriverException: unknown error: Element is not clickable at point (710, 993)
  (Session info: chrome=62.0.3202.94)
  (Driver info: chromedriver=2.24.417424 (c5c5ea873213ee72e3d0929b47482681555340c3),platform=Linux 4.4.0-103-generic x86_64) (WARNING: The server did not provide any stacktrace information)
Command duration or timeout: 246 milliseconds
Build info: version: '2.53.1', revision: 'a36b8b1cd5757287168e54b817830adce9b0158d', time: '2016-06-30 19:26:09'
System info: host: 'inettech-VirtualBox', ip: '127.0.1.1', os.name: 'Linux', os.arch: 'amd64', os.version: '4.4.0-103-generic', java.version: '1.8.0_111'
Driver info: org.openqa.selenium.chrome.ChromeDriver
Capabilities [{applicationCacheEnabled=false, rotatable=false, mobileEmulationEnabled=false, networkConnectionEnabled=false, chrome={chromedriverVersion=2.24.417424 (c5c5ea873213ee72e3d0929b47482681555340c3), userDataDir=/tmp/.org.chromium.Chromium.SV9QeF}, takesHeapSnapshot=true, pageLoadStrategy=normal, databaseEnabled=false, handlesAlerts=true, hasTouchScreen=false, version=62.0.3202.94, platform=LINUX, browserConnectionEnabled=false, nativeEvents=true, acceptSslCerts=true, locationContextEnabled=true, webStorageEnabled=true, browserName=chrome, takesScreenshot=true, javascriptEnabled=true, cssSelectorsEnabled=true}]
Session ID: 0e81d03d19c6eddbead616d8d6720206
	at sun.reflect.NativeConstructorAccessorImpl.newInstance0(Native Method)
	at sun.reflect.NativeConstructorAccessorImpl.newInstance(NativeConstructorAccessorImpl.java:62)
	at sun.reflect.DelegatingConstructorAccessorImpl.newInstance(DelegatingConstructorAccessorImpl.java:45)
	at java.lang.reflect.Constructor.newInstance(Constructor.java:423)
	at org.openqa.selenium.remote.ErrorHandler.createThrowable(ErrorHandler.java:206)
	at org.openqa.selenium.remote.ErrorHandler.throwIfResponseFailed(ErrorHandler.java:158)
	at org.openqa.selenium.remote.RemoteWebDriver.execute(RemoteWebDriver.java:678)
	at org.openqa.selenium.remote.RemoteWebElement.execute(RemoteWebElement.java:327)
	at org.openqa.selenium.remote.RemoteWebElement.click(RemoteWebElement.java:85)
	at sun.reflect.NativeMethodAccessorImpl.invoke0(Native Method)
	at sun.reflect.NativeMethodAccessorImpl.invoke(NativeMethodAccessorImpl.java:62)
	at sun.reflect.DelegatingMethodAccessorImpl.invoke(DelegatingMethodAccessorImpl.java:43)
	at java.lang.reflect.Method.invoke(Method.java:498)
	at org.openqa.selenium.support.pagefactory.internal.LocatingElementHandler.invoke(LocatingElementHandler.java:51)
	at com.sun.proxy.$Proxy16.click(Unknown Source)
	at com.nopcommerce.demo.pages.SearchedItemPage.goToFullItemPage(SearchedItemPage.java:27)
	at com.nopcommerce.demo.step_definitions.NopAddItemToBasketTestSteps.iHaveSearchedForAnItem(NopAddItemToBasketTestSteps.java:43)
	at ✽.Given I have searched for an item:(sprint_a1/NOPCommerce_004_Add Item To Basket.feature:9)
</error>
  </testcase>
  <testcase name="When I add an &quot;Apple MacBook Pro 13-inch&quot; item to the shopping basket" classname="Scenario: Test for adding searched items to the shopping basket" time="0">
    <skipped/>
  </testcase>
  <testcase name="Then I should see &quot;Apple MacBook Pro 13-inch&quot; message displays" classname="Scenario: Test for adding searched items to the shopping basket" time="0">
    <skipped/>
  </testcase>
</testsuite>